# JRE version: Java(TM) SE Runtime Environment (17.0.12+8) (build 17.0.12+8-LTS-286)
# Java VM: Java HotSpot(TM) 64-Bit Server VM (17.0.12+8-LTS-286, mixed mode, sharing, tiered, compressed oops, compressed class ptrs, g1 gc, windows-amd64)
GC Precious Log:
 CPUs: 4 total, 4 available
 Memory: 3445M
 Large Page Support: Disabled
 NUMA Support: Disabled
 Compressed Oops: Enabled (32-bit)
 Heap Region Size: 1M
 Heap Min Capacity: 8M
 Heap Initial Capacity: 54M
 Heap Max Capacity: 862M
 Pre-touch: Disabled
 Parallel Workers: 4
 Concurrent Workers: 1
 Concurrent Refinement Workers: 4
 Periodic GC: Disabled
Heap:
 garbage-first heap   total 55296K, used 37694K [0x00000000ca200000, 0x0000000100000000)
  region size 1024K, 10 young (10240K), 2 survivors (2048K)
 Metaspace       used 68068K, committed 68608K, reserved 1114112K
  class space    used 9291K, committed 9536K, reserved 1048576K
GC Heap History (20 events):
Event: 13.983 GC heap before
{Heap before GC invocations=10 (full 0):
 garbage-first heap   total 55296K, used 26475K [0x00000000ca200000, 0x0000000100000000)
  region size 1024K, 10 young (10240K), 2 survivors (2048K)
 Metaspace       used 35544K, committed 35968K, reserved 1114112K
  class space    used 4746K, committed 4928K, reserved 1048576K
}
Event: 13.987 GC heap after
{Heap after GC invocations=11 (full 0):
 garbage-first heap   total 55296K, used 19605K [0x00000000ca200000, 0x0000000100000000)
  region size 1024K, 2 young (2048K), 2 survivors (2048K)
 Metaspace       used 35544K, committed 35968K, reserved 1114112K
  class space    used 4746K, committed 4928K, reserved 1048576K
}
Event: 15.694 GC heap before
{Heap before GC invocations=12 (full 0):
 garbage-first heap   total 55296K, used 40085K [0x00000000ca200000, 0x0000000100000000)
  region size 1024K, 23 young (23552K), 2 survivors (2048K)
 Metaspace       used 41714K, committed 42176K, reserved 1114112K
  class space    used 5529K, committed 5696K, reserved 1048576K
}
Event: 15.699 GC heap after
{Heap after GC invocations=13 (full 0):
 garbage-first heap   total 55296K, used 21814K [0x00000000ca200000, 0x0000000100000000)
  region size 1024K, 3 young (3072K), 3 survivors (3072K)
 Metaspace       used 41714K, committed 42176K, reserved 1114112K
  class space    used 5529K, committed 5696K, reserved 1048576K
}
Event: 16.823 GC heap before
{Heap before GC invocations=13 (full 0):
 garbage-first heap   total 55296K, used 42294K [0x00000000ca200000, 0x0000000100000000)
  region size 1024K, 23 young (23552K), 3 survivors (3072K)
 Metaspace       used 47433K, committed 47808K, reserved 1114112K
  class space    used 6359K, committed 6528K, reserved 1048576K
}
Event: 16.828 GC heap after
{Heap after GC invocations=14 (full 0):
 garbage-first heap   total 55296K, used 22914K [0x00000000ca200000, 0x0000000100000000)
  region size 1024K, 2 young (2048K), 2 survivors (2048K)
 Metaspace       used 47433K, committed 47808K, reserved 1114112K
  class space    used 6359K, committed 6528K, reserved 1048576K
}
Event: 18.765 GC heap before
{Heap before GC invocations=14 (full 0):
 garbage-first heap   total 55296K, used 42370K [0x00000000ca200000, 0x0000000100000000)
  region size 1024K, 21 young (21504K), 2 survivors (2048K)
 Metaspace       used 52527K, committed 53056K, reserved 1114112K
  class space    used 7148K, committed 7424K, reserved 1048576K
}
Event: 18.768 GC heap after
{Heap after GC invocations=15 (full 0):
 garbage-first heap   total 55296K, used 23656K [0x00000000ca200000, 0x0000000100000000)
  region size 1024K, 2 young (2048K), 2 survivors (2048K)
 Metaspace       used 52527K, committed 53056K, reserved 1114112K
  class space    used 7148K, committed 7424K, reserved 1048576K
}
Event: 21.305 GC heap before
{Heap before GC invocations=15 (full 0):
 garbage-first heap   total 55296K, used 43112K [0x00000000ca200000, 0x0000000100000000)
  region size 1024K, 21 young (21504K), 2 survivors (2048K)
 Metaspace       used 56957K, committed 57472K, reserved 1114112K
  class space    used 7689K, committed 7936K, reserved 1048576K
}
Event: 21.311 GC heap after
{Heap after GC invocations=16 (full 0):
 garbage-first heap   total 55296K, used 25216K [0x00000000ca200000, 0x0000000100000000)
  region size 1024K, 3 young (3072K), 3 survivors (3072K)
 Metaspace       used 56957K, committed 57472K, reserved 1114112K
  class space    used 7689K, committed 7936K, reserved 1048576K
}
Event: 24.426 GC heap before
{Heap before GC invocations=16 (full 0):
 garbage-first heap   total 55296K, used 43648K [0x00000000ca200000, 0x0000000100000000)
  region size 1024K, 21 young (21504K), 3 survivors (3072K)
 Metaspace       used 59172K, committed 59648K, reserved 1114112K
  class space    used 8017K, committed 8256K, reserved 1048576K
}
Event: 24.437 GC heap after
{Heap after GC invocations=17 (full 0):
 garbage-first heap   total 55296K, used 27203K [0x00000000ca200000, 0x0000000100000000)
  region size 1024K, 3 young (3072K), 3 survivors (3072K)
 Metaspace       used 59172K, committed 59648K, reserved 1114112K
  class space    used 8017K, committed 8256K, reserved 1048576K
}
Event: 25.140 GC heap before
{Heap before GC invocations=17 (full 0):
 garbage-first heap   total 55296K, used 31299K [0x00000000ca200000, 0x0000000100000000)
  region size 1024K, 8 young (8192K), 3 survivors (3072K)
 Metaspace       used 59615K, committed 60160K, reserved 1114112K
  class space    used 8087K, committed 8320K, reserved 1048576K
}
Event: 25.145 GC heap after
{Heap after GC invocations=18 (full 0):
 garbage-first heap   total 55296K, used 27946K [0x00000000ca200000, 0x0000000100000000)
  region size 1024K, 1 young (1024K), 1 survivors (1024K)
 Metaspace       used 59615K, committed 60160K, reserved 1114112K
  class space    used 8087K, committed 8320K, reserved 1048576K
}
Event: 26.798 GC heap before
{Heap before GC invocations=19 (full 0):
 garbage-first heap   total 55296K, used 42282K [0x00000000ca200000, 0x0000000100000000)
  region size 1024K, 16 young (16384K), 1 survivors (1024K)
 Metaspace       used 61407K, committed 61952K, reserved 1114112K
  class space    used 8425K, committed 8704K, reserved 1048576K
}
Event: 26.802 GC heap after
{Heap after GC invocations=20 (full 0):
 garbage-first heap   total 55296K, used 29200K [0x00000000ca200000, 0x0000000100000000)
  region size 1024K, 2 young (2048K), 2 survivors (2048K)
 Metaspace       used 61407K, committed 61952K, reserved 1114112K
  class space    used 8425K, committed 8704K, reserved 1048576K
}
Event: 131.289 GC heap before
{Heap before GC invocations=20 (full 0):
 garbage-first heap   total 55296K, used 43536K [0x00000000ca200000, 0x0000000100000000)
  region size 1024K, 16 young (16384K), 2 survivors (2048K)
 Metaspace       used 63563K, committed 64192K, reserved 1114112K
  class space    used 8705K, committed 8960K, reserved 1048576K
}
Event: 131.323 GC heap after
{Heap after GC invocations=21 (full 0):
 garbage-first heap   total 55296K, used 30076K [0x00000000ca200000, 0x0000000100000000)
  region size 1024K, 1 young (1024K), 1 survivors (1024K)
 Metaspace       used 63563K, committed 64192K, reserved 1114112K
  class space    used 8705K, committed 8960K, reserved 1048576K
}
Event: 136.589 GC heap before
{Heap before GC invocations=22 (full 0):
 garbage-first heap   total 55296K, used 43388K [0x00000000ca200000, 0x0000000100000000)
  region size 1024K, 15 young (15360K), 1 survivors (1024K)
 Metaspace       used 67653K, committed 68224K, reserved 1114112K
  class space    used 9259K, committed 9536K, reserved 1048576K
}
Event: 136.595 GC heap after
{Heap after GC invocations=23 (full 0):
 garbage-first heap   total 55296K, used 30526K [0x00000000ca200000, 0x0000000100000000)
  region size 1024K, 2 young (2048K), 2 survivors (2048K)
 Metaspace       used 67653K, committed 68224K, reserved 1114112K
  class space    used 9259K, committed 9536K, reserved 1048576K
}

